Hello Breathe LEDC!
D (2443) ledc: LEDC_PWM CHANNEL 0|GPIO 27|Duty 0000|Time 0
V (2453) intr_alloc: esp_intr_alloc_intrstatus (cpu 0): checking args
V (2453) intr_alloc: esp_intr_alloc_intrstatus (cpu 0): Args okay. Resulting flags 0x40E
D (2453) intr_alloc: get_available_int: try to find existing. Cpu: 0, Source: 43
D (2453) intr_alloc: get_free_int: start looking. Current cpu: 0
D (2453) intr_alloc: Int 0 reserved 1 level 1 LEVEL hasIsr 0
D (2453) intr_alloc: ....Unusable: reserved
D (2453) intr_alloc: Int 1 reserved 1 level 1 LEVEL hasIsr 0
D (2453) intr_alloc: ....Unusable: reserved
D (2453) intr_alloc: Int 2 reserved 0 level 1 LEVEL hasIsr 1
D (2453) intr_alloc: ....Unusable: already in (non-shared) use.
D (2453) intr_alloc: Int 3 reserved 0 level 1 LEVEL hasIsr 1
D (2453) intr_alloc: ....Unusable: already in (non-shared) use.
D (2453) intr_alloc: Int 4 reserved 1 level 1 LEVEL hasIsr 0
D (2453) intr_alloc: ....Unusable: reserved
D (2453) intr_alloc: Int 5 reserved 1 level 1 LEVEL hasIsr 0
D (2453) intr_alloc: ....Unusable: reserved
D (2453) intr_alloc: Int 6 reserved 1 level 1 EDGE hasIsr 0
D (2453) intr_alloc: ....Unusable: reserved
D (2453) intr_alloc: Int 7 reserved 0 level 1 EDGE hasIsr 0
D (2453) intr_alloc: ....Unusable: special-purpose int
D (2453) intr_alloc: Int 8 reserved 1 level 1 LEVEL hasIsr 0
D (2453) intr_alloc: ....Unusable: reserved
D (2453) intr_alloc: Int 9 reserved 0 level 1 LEVEL hasIsr 1
D (2453) intr_alloc: ....Unusable: already in (non-shared) use.
D (2453) intr_alloc: Int 10 reserved 0 level 1 EDGE hasIsr 0
D (2453) intr_alloc: ....Unusable: incompatible trigger type
D (2453) intr_alloc: Int 11 reserved 0 level 3 EDGE hasIsr 0
D (2453) intr_alloc: ....Unusable: special-purpose int
D (2453) intr_alloc: Int 12 reserved 0 level 1 LEVEL hasIsr 1
D (2453) intr_alloc: ....Unusable: already in (non-shared) use.
D (2453) intr_alloc: Int 13 reserved 0 level 1 LEVEL hasIsr 0
D (2453) intr_alloc: Int 14 reserved 1 level 7 LEVEL hasIsr 0
D (2453) intr_alloc: ....Unusable: reserved
D (2453) intr_alloc: Int 15 reserved 0 level 3 EDGE hasIsr 0
D (2453) intr_alloc: ....Unusable: special-purpose int
D (2453) intr_alloc: Int 16 reserved 0 level 5 EDGE hasIsr 0
D (2453) intr_alloc: ....Unusable: special-purpose int
D (2453) intr_alloc: Int 17 reserved 0 level 1 LEVEL hasIsr 0
D (2453) intr_alloc: ...worse than int 13
D (2453) intr_alloc: Int 18 reserved 0 level 1 LEVEL hasIsr 0
D (2453) intr_alloc: ...worse than int 13
D (2453) intr_alloc: Int 19 reserved 0 level 2 LEVEL hasIsr 0
D (2453) intr_alloc: ...worse than int 13
D (2453) intr_alloc: Int 20 reserved 0 level 2 LEVEL hasIsr 0
D (2453) intr_alloc: ...worse than int 13
D (2453) intr_alloc: Int 21 reserved 0 level 2 LEVEL hasIsr 0
D (2453) intr_alloc: ...worse than int 13
D (2453) intr_alloc: Int 22 reserved 1 level 3 EDGE hasIsr 0
D (2453) intr_alloc: ....Unusable: reserved
D (2453) intr_alloc: Int 23 reserved 0 level 3 LEVEL hasIsr 0
D (2453) intr_alloc: ...worse than int 13
D (2453) intr_alloc: Int 24 reserved 1 level 4 LEVEL hasIsr 0
D (2453) intr_alloc: ....Unusable: reserved
D (2453) intr_alloc: Int 25 reserved 1 level 4 LEVEL hasIsr 0
D (2453) intr_alloc: ....Unusable: reserved
D (2453) intr_alloc: Int 26 reserved 1 level 5 LEVEL hasIsr 0
D (2453) intr_alloc: ....Unusable: reserved
D (2453) intr_alloc: Int 27 reserved 1 level 3 LEVEL hasIsr 0
D (2453) intr_alloc: ....Unusable: reserved
D (2453) intr_alloc: Int 28 reserved 0 level 4 EDGE hasIsr 0
D (2453) intr_alloc: ....Unusable: incompatible level
D (2453) intr_alloc: Int 29 reserved 0 level 3 EDGE hasIsr 0
D (2453) intr_alloc: ....Unusable: special-purpose int
D (2453) intr_alloc: Int 30 reserved 1 level 4 EDGE hasIsr 0
D (2453) intr_alloc: ....Unusable: reserved
D (2453) intr_alloc: Int 31 reserved 1 level 5 LEVEL hasIsr 0
D (2453) intr_alloc: ....Unusable: reserved
D (2453) intr_alloc: get_available_int: using int 13
D (2453) intr_alloc: Connected src 43 to int 13 (cpu 0)
V (2813) intr_alloc: esp_intr_alloc_intrstatus (cpu 0): checking args
V (2813) intr_alloc: esp_intr_alloc_intrstatus (cpu 0): Args okay. Resulting flags 0xE
D (2813) intr_alloc: get_available_int: try to find existing. Cpu: 0, Source: 43
D (2813) intr_alloc: get_avalible_int: existing vd found. intno: 13
D (2813) intr_alloc: ....Unusable: already in (non-shared) use.
D (2813) intr_alloc: get_avalible_int: existing vd invalid.
ESP_ERROR_CHECK failed: esp_err_t 0x105 (ESP_ERR_NOT_FOUND) at 0x400d25b3
0x400d25b3: handle_ledc at /tmp/blink-17736/Breathe-LEDC/main/main.c:60 (discriminator 1)

file: "/tmp/blink-17736/Breathe-LEDC/main/main.c" line 60
func: handle_ledc
expression: ledc_isr_register(toggle_fade_isr, &ledc_channel, 0, NULL)

Backtrace: 0x40087170:0x3ffb7040 0x4008761c:0x3ffb7060 0x400d25b3:0x3ffb7080
0x40087170: invoke_abort at /home/joachim/.platformio/packages/framework-espidf/components/esp32/panic.c:649

0x4008761c: _esp_error_check_failed at /home/joachim/.platformio/packages/framework-espidf/components/esp32/panic.c:665

0x400d25b3: handle_ledc at /tmp/blink-17736/Breathe-LEDC/main/main.c:60 (discriminator 1)


Rebooting...

